<?xml version="1.0" encoding="UTF-8"?>
<!-- Generated by org.testng.reporters.JUnitReportReporter -->
<testsuite hostname="Prakash_Muthu" failures="0" tests="1" name="BDD.test.Runner" time="8.930" errors="0" timestamp="2023-05-26T10:53:47 IST" skipped="0">
  <testcase classname="BDD.test.Runner" name="runScenario" time="8.930"/>
  <system-out/>
</testsuite> <!-- BDD.test.Runner -->
